<?xml version="1.0" encoding="UTF-8"?>
<coverage generated="1750316212726" clover="3.2.0">
  <project timestamp="1750316212726" name="All files">
    <metrics statements="220" coveredstatements="150" conditionals="61" coveredconditionals="30" methods="42" coveredmethods="18" elements="323" coveredelements="198" complexity="0" loc="220" ncloc="220" packages="6" files="16" classes="16"/>
    <package name="config">
      <metrics statements="17" coveredstatements="16" conditionals="6" coveredconditionals="3" methods="4" coveredmethods="4"/>
      <file name="auth.js" path="C:\Users\Z.SHAYA\Desktop\Expense_Tracker\config\auth.js">
        <metrics statements="13" coveredstatements="12" conditionals="2" coveredconditionals="1" methods="4" coveredmethods="4"/>
        <line num="1" count="1" type="stmt"/>
        <line num="2" count="1" type="stmt"/>
        <line num="3" count="1" type="stmt"/>
        <line num="5" count="1" type="stmt"/>
        <line num="6" count="1" type="stmt"/>
        <line num="7" count="1" type="stmt"/>
        <line num="8" count="1" type="cond" truecount="1" falsecount="1"/>
        <line num="9" count="0" type="stmt"/>
        <line num="12" count="1" type="stmt"/>
        <line num="18" count="2" type="stmt"/>
        <line num="22" count="4" type="stmt"/>
        <line num="26" count="3" type="stmt"/>
        <line num="30" count="4" type="stmt"/>
      </file>
      <file name="connect.js" path="C:\Users\Z.SHAYA\Desktop\Expense_Tracker\config\connect.js">
        <metrics statements="4" coveredstatements="4" conditionals="4" coveredconditionals="2" methods="0" coveredmethods="0"/>
        <line num="1" count="4" type="stmt"/>
        <line num="2" count="4" type="cond" truecount="1" falsecount="1"/>
        <line num="4" count="4" type="stmt"/>
        <line num="15" count="4" type="stmt"/>
      </file>
    </package>
    <package name="controllers">
      <metrics statements="67" coveredstatements="53" conditionals="14" coveredconditionals="10" methods="10" coveredmethods="8"/>
      <file name="analytics_controller.js" path="C:\Users\Z.SHAYA\Desktop\Expense_Tracker\controllers\analytics_controller.js">
        <metrics statements="15" coveredstatements="15" conditionals="4" coveredconditionals="4" methods="2" coveredmethods="2"/>
        <line num="1" count="1" type="stmt"/>
        <line num="2" count="1" type="stmt"/>
        <line num="6" count="2" type="stmt"/>
        <line num="7" count="2" type="stmt"/>
        <line num="8" count="1" type="stmt"/>
        <line num="13" count="1" type="stmt"/>
        <line num="14" count="1" type="stmt"/>
        <line num="19" count="3" type="stmt"/>
        <line num="20" count="3" type="stmt"/>
        <line num="21" count="3" type="cond" truecount="4" falsecount="0"/>
        <line num="22" count="1" type="stmt"/>
        <line num="25" count="2" type="stmt"/>
        <line num="31" count="1" type="stmt"/>
        <line num="36" count="2" type="stmt"/>
        <line num="41" count="1" type="stmt"/>
      </file>
      <file name="expenses_controller.js" path="C:\Users\Z.SHAYA\Desktop\Expense_Tracker\controllers\expenses_controller.js">
        <metrics statements="25" coveredstatements="25" conditionals="2" coveredconditionals="2" methods="5" coveredmethods="5"/>
        <line num="1" count="1" type="stmt"/>
        <line num="2" count="1" type="stmt"/>
        <line num="6" count="2" type="stmt"/>
        <line num="7" count="2" type="stmt"/>
        <line num="11" count="2" type="stmt"/>
        <line num="12" count="1" type="stmt"/>
        <line num="14" count="1" type="stmt"/>
        <line num="19" count="3" type="stmt"/>
        <line num="20" count="3" type="cond" truecount="2" falsecount="0"/>
        <line num="21" count="3" type="stmt"/>
        <line num="28" count="2" type="stmt"/>
        <line num="30" count="1" type="stmt"/>
        <line num="35" count="2" type="stmt"/>
        <line num="36" count="2" type="stmt"/>
        <line num="40" count="1" type="stmt"/>
        <line num="42" count="1" type="stmt"/>
        <line num="47" count="2" type="stmt"/>
        <line num="48" count="2" type="stmt"/>
        <line num="53" count="1" type="stmt"/>
        <line num="55" count="1" type="stmt"/>
        <line num="60" count="2" type="stmt"/>
        <line num="61" count="2" type="stmt"/>
        <line num="62" count="1" type="stmt"/>
        <line num="64" count="1" type="stmt"/>
        <line num="69" count="1" type="stmt"/>
      </file>
      <file name="files_controller.js" path="C:\Users\Z.SHAYA\Desktop\Expense_Tracker\controllers\files_controller.js">
        <metrics statements="27" coveredstatements="13" conditionals="8" coveredconditionals="4" methods="3" coveredmethods="1"/>
        <line num="1" count="1" type="stmt"/>
        <line num="2" count="1" type="stmt"/>
        <line num="3" count="1" type="cond" truecount="2" falsecount="0"/>
        <line num="4" count="1" type="stmt"/>
        <line num="5" count="1" type="stmt"/>
        <line num="9" count="2" type="stmt"/>
        <line num="10" count="2" type="cond" truecount="2" falsecount="0"/>
        <line num="11" count="1" type="stmt"/>
        <line num="14" count="1" type="stmt"/>
        <line num="21" count="1" type="stmt"/>
        <line num="26" count="1" type="stmt"/>
        <line num="28" count="1" type="stmt"/>
        <line num="33" count="0" type="stmt"/>
        <line num="34" count="0" type="stmt"/>
        <line num="39" count="0" type="cond" truecount="0" falsecount="2"/>
        <line num="40" count="0" type="stmt"/>
        <line num="44" count="0" type="stmt"/>
        <line num="45" count="0" type="cond" truecount="0" falsecount="2"/>
        <line num="46" count="0" type="stmt"/>
        <line num="49" count="0" type="stmt"/>
        <line num="50" count="0" type="stmt"/>
        <line num="52" count="0" type="stmt"/>
        <line num="57" count="0" type="stmt"/>
        <line num="58" count="0" type="stmt"/>
        <line num="59" count="0" type="stmt"/>
        <line num="61" count="0" type="stmt"/>
        <line num="66" count="1" type="stmt"/>
      </file>
    </package>
    <package name="middlewares">
      <metrics statements="15" coveredstatements="15" conditionals="7" coveredconditionals="6" methods="3" coveredmethods="3"/>
      <file name="auth_middleware.js" path="C:\Users\Z.SHAYA\Desktop\Expense_Tracker\middlewares\auth_middleware.js">
        <metrics statements="15" coveredstatements="15" conditionals="7" coveredconditionals="6" methods="3" coveredmethods="3"/>
        <line num="1" count="1" type="stmt"/>
        <line num="3" count="1" type="stmt"/>
        <line num="7" count="3" type="stmt"/>
        <line num="10" count="3" type="cond" truecount="4" falsecount="0"/>
        <line num="11" count="1" type="stmt"/>
        <line num="17" count="2" type="stmt"/>
        <line num="19" count="2" type="stmt"/>
        <line num="21" count="2" type="stmt"/>
        <line num="23" count="1" type="stmt"/>
        <line num="25" count="1" type="stmt"/>
        <line num="28" count="1" type="stmt"/>
        <line num="36" count="2" type="stmt"/>
        <line num="38" count="2" type="cond" truecount="2" falsecount="0"/>
        <line num="40" count="1" type="stmt"/>
        <line num="45" count="1" type="stmt"/>
      </file>
    </package>
    <package name="models">
      <metrics statements="40" coveredstatements="31" conditionals="6" coveredconditionals="0" methods="6" coveredmethods="0"/>
      <file name="expense.js" path="C:\Users\Z.SHAYA\Desktop\Expense_Tracker\models\expense.js">
        <metrics statements="6" coveredstatements="4" conditionals="0" coveredconditionals="0" methods="2" coveredmethods="0"/>
        <line num="1" count="3" type="stmt"/>
        <line num="2" count="3" type="stmt"/>
        <line num="4" count="3" type="stmt"/>
        <line num="41" count="0" type="stmt"/>
        <line num="42" count="0" type="stmt"/>
        <line num="49" count="3" type="stmt"/>
      </file>
      <file name="expensefile.js" path="C:\Users\Z.SHAYA\Desktop\Expense_Tracker\models\expensefile.js">
        <metrics statements="8" coveredstatements="5" conditionals="4" coveredconditionals="0" methods="2" coveredmethods="0"/>
        <line num="1" count="3" type="stmt"/>
        <line num="2" count="3" type="stmt"/>
        <line num="4" count="3" type="stmt"/>
        <line num="31" count="0" type="cond" truecount="0" falsecount="4"/>
        <line num="32" count="0" type="stmt"/>
        <line num="39" count="3" type="stmt"/>
        <line num="40" count="0" type="stmt"/>
        <line num="48" count="3" type="stmt"/>
      </file>
      <file name="index.js" path="C:\Users\Z.SHAYA\Desktop\Expense_Tracker\models\index.js">
        <metrics statements="12" coveredstatements="12" conditionals="0" coveredconditionals="0" methods="0" coveredmethods="0"/>
        <line num="1" count="3" type="stmt"/>
        <line num="2" count="3" type="stmt"/>
        <line num="3" count="3" type="stmt"/>
        <line num="4" count="3" type="stmt"/>
        <line num="5" count="3" type="stmt"/>
        <line num="7" count="3" type="stmt"/>
        <line num="8" count="3" type="stmt"/>
        <line num="10" count="3" type="stmt"/>
        <line num="11" count="3" type="stmt"/>
        <line num="13" count="3" type="stmt"/>
        <line num="14" count="3" type="stmt"/>
        <line num="16" count="3" type="stmt"/>
      </file>
      <file name="monthlysummary.js" path="C:\Users\Z.SHAYA\Desktop\Expense_Tracker\models\monthlysummary.js">
        <metrics statements="4" coveredstatements="4" conditionals="0" coveredconditionals="0" methods="0" coveredmethods="0"/>
        <line num="1" count="3" type="stmt"/>
        <line num="2" count="3" type="stmt"/>
        <line num="4" count="3" type="stmt"/>
        <line num="34" count="3" type="stmt"/>
      </file>
      <file name="user.js" path="C:\Users\Z.SHAYA\Desktop\Expense_Tracker\models\user.js">
        <metrics statements="10" coveredstatements="6" conditionals="2" coveredconditionals="0" methods="2" coveredmethods="0"/>
        <line num="1" count="4" type="stmt"/>
        <line num="3" count="4" type="stmt"/>
        <line num="4" count="4" type="stmt"/>
        <line num="6" count="4" type="stmt"/>
        <line num="40" count="0" type="cond" truecount="0" falsecount="2"/>
        <line num="41" count="0" type="stmt"/>
        <line num="42" count="0" type="stmt"/>
        <line num="46" count="4" type="stmt"/>
        <line num="47" count="0" type="stmt"/>
        <line num="50" count="4" type="stmt"/>
      </file>
    </package>
    <package name="services">
      <metrics statements="68" coveredstatements="28" conditionals="18" coveredconditionals="6" methods="13" coveredmethods="2"/>
      <file name="analytics_service.js" path="C:\Users\Z.SHAYA\Desktop\Expense_Tracker\services\analytics_service.js">
        <metrics statements="15" coveredstatements="4" conditionals="0" coveredconditionals="0" methods="3" coveredmethods="0"/>
        <line num="1" count="1" type="stmt"/>
        <line num="2" count="1" type="stmt"/>
        <line num="3" count="1" type="stmt"/>
        <line num="7" count="0" type="stmt"/>
        <line num="8" count="0" type="stmt"/>
        <line num="10" count="0" type="stmt"/>
        <line num="29" count="0" type="stmt"/>
        <line num="34" count="0" type="stmt"/>
        <line num="35" count="0" type="stmt"/>
        <line num="40" count="0" type="stmt"/>
        <line num="41" count="0" type="stmt"/>
        <line num="59" count="0" type="stmt"/>
        <line num="61" count="0" type="stmt"/>
        <line num="62" count="0" type="stmt"/>
        <line num="67" count="1" type="stmt"/>
      </file>
      <file name="auth_service.js" path="C:\Users\Z.SHAYA\Desktop\Expense_Tracker\services\auth_service.js">
        <metrics statements="15" coveredstatements="15" conditionals="6" coveredconditionals="6" methods="2" coveredmethods="2"/>
        <line num="1" count="1" type="stmt"/>
        <line num="7" count="1" type="stmt"/>
        <line num="12" count="2" type="stmt"/>
        <line num="15" count="2" type="cond" truecount="2" falsecount="0"/>
        <line num="17" count="1" type="stmt"/>
        <line num="21" count="1" type="stmt"/>
        <line num="23" count="1" type="stmt"/>
        <line num="29" count="1" type="stmt"/>
        <line num="39" count="3" type="stmt"/>
        <line num="40" count="3" type="cond" truecount="2" falsecount="0"/>
        <line num="42" count="1" type="stmt"/>
        <line num="45" count="2" type="stmt"/>
        <line num="46" count="2" type="cond" truecount="2" falsecount="0"/>
        <line num="49" count="1" type="stmt"/>
        <line num="59" count="1" type="stmt"/>
      </file>
      <file name="expense_service.js" path="C:\Users\Z.SHAYA\Desktop\Expense_Tracker\services\expense_service.js">
        <metrics statements="20" coveredstatements="4" conditionals="8" coveredconditionals="0" methods="5" coveredmethods="0"/>
        <line num="1" count="1" type="stmt"/>
        <line num="2" count="1" type="stmt"/>
        <line num="3" count="1" type="stmt"/>
        <line num="7" count="0" type="stmt"/>
        <line num="8" count="0" type="stmt"/>
        <line num="10" count="0" type="stmt"/>
        <line num="15" count="0" type="stmt"/>
        <line num="16" count="0" type="stmt"/>
        <line num="18" count="0" type="cond" truecount="0" falsecount="2"/>
        <line num="19" count="0" type="cond" truecount="0" falsecount="4"/>
        <line num="20" count="0" type="stmt"/>
        <line num="25" count="0" type="stmt"/>
        <line num="34" count="0" type="stmt"/>
        <line num="37" count="0" type="cond" truecount="0" falsecount="2"/>
        <line num="38" count="0" type="stmt"/>
        <line num="42" count="0" type="stmt"/>
        <line num="43" count="0" type="stmt"/>
        <line num="47" count="0" type="stmt"/>
        <line num="48" count="0" type="stmt"/>
        <line num="52" count="1" type="stmt"/>
      </file>
      <file name="file_service.js" path="C:\Users\Z.SHAYA\Desktop\Expense_Tracker\services\file_service.js">
        <metrics statements="18" coveredstatements="5" conditionals="4" coveredconditionals="0" methods="3" coveredmethods="0"/>
        <line num="1" count="1" type="stmt"/>
        <line num="2" count="1" type="stmt"/>
        <line num="3" count="1" type="stmt"/>
        <line num="4" count="1" type="stmt"/>
        <line num="8" count="0" type="stmt"/>
        <line num="9" count="0" type="stmt"/>
        <line num="11" count="0" type="stmt"/>
        <line num="12" count="0" type="stmt"/>
        <line num="17" count="0" type="stmt"/>
        <line num="21" count="0" type="cond" truecount="0" falsecount="2"/>
        <line num="22" count="0" type="stmt"/>
        <line num="25" count="0" type="stmt"/>
        <line num="29" count="0" type="stmt"/>
        <line num="31" count="0" type="stmt"/>
        <line num="32" count="0" type="cond" truecount="0" falsecount="2"/>
        <line num="33" count="0" type="stmt"/>
        <line num="36" count="0" type="stmt"/>
        <line num="40" count="1" type="stmt"/>
      </file>
    </package>
    <package name="utils">
      <metrics statements="13" coveredstatements="7" conditionals="10" coveredconditionals="5" methods="6" coveredmethods="1"/>
      <file name="ApiError.js" path="C:\Users\Z.SHAYA\Desktop\Expense_Tracker\utils\ApiError.js">
        <metrics statements="13" coveredstatements="7" conditionals="10" coveredconditionals="5" methods="6" coveredmethods="1"/>
        <line num="3" count="7" type="stmt"/>
        <line num="4" count="7" type="stmt"/>
        <line num="5" count="7" type="stmt"/>
        <line num="6" count="7" type="cond" truecount="2" falsecount="0"/>
        <line num="8" count="7" type="cond" truecount="1" falsecount="1"/>
        <line num="9" count="0" type="stmt"/>
        <line num="11" count="7" type="stmt"/>
        <line num="17" count="0" type="stmt"/>
        <line num="22" count="0" type="stmt"/>
        <line num="27" count="0" type="stmt"/>
        <line num="32" count="0" type="stmt"/>
        <line num="37" count="0" type="stmt"/>
        <line num="41" count="6" type="stmt"/>
      </file>
    </package>
  </project>
</coverage>
