{"C:\\Users\\Z.SHAYA\\Desktop\\Expense_Tracker\\config\\connect.js": {"path":"C:\\Users\\Z.SHAYA\\Desktop\\Expense_Tracker\\config\\connect.js","statementMap":{"0":{"start":{"line":1,"column":22},"end":{"line":1,"column":42}},"1":{"start":{"line":2,"column":15},"end":{"line":2,"column":78}},"2":{"start":{"line":4,"column":18},"end":{"line":13,"column":2}},"3":{"start":{"line":15,"column":0},"end":{"line":15,"column":27}}},"fnMap":{},"branchMap":{"0":{"loc":{"start":{"line":2,"column":40},"end":{"line":2,"column":77}},"type":"binary-expr","locations":[{"start":{"line":2,"column":40},"end":{"line":2,"column":60}},{"start":{"line":2,"column":64},"end":{"line":2,"column":77}}],"line":2},"1":{"loc":{"start":{"line":7,"column":11},"end":{"line":7,"column":71}},"type":"cond-expr","locations":[{"start":{"line":7,"column":52},"end":{"line":7,"column":63}},{"start":{"line":7,"column":66},"end":{"line":7,"column":71}}],"line":7}},"s":{"0":1,"1":1,"2":1,"3":1},"f":{},"b":{"0":[1,0],"1":[0,1]},"_coverageSchema":"1a1c01bbd47fc00a2c39e90264f33305004495a9","hash":"2951a04a830772d064dd950c69320d3a7d3f3881"}
,"C:\\Users\\Z.SHAYA\\Desktop\\Expense_Tracker\\controllers\\expenses_controller.js": {"path":"C:\\Users\\Z.SHAYA\\Desktop\\Expense_Tracker\\controllers\\expenses_controller.js","statementMap":{"0":{"start":{"line":1,"column":23},"end":{"line":1,"column":61}},"1":{"start":{"line":2,"column":17},"end":{"line":2,"column":45}},"2":{"start":{"line":6,"column":4},"end":{"line":15,"column":5}},"3":{"start":{"line":7,"column":26},"end":{"line":10,"column":7}},"4":{"start":{"line":11,"column":22},"end":{"line":11,"column":69}},"5":{"start":{"line":12,"column":6},"end":{"line":12,"column":36}},"6":{"start":{"line":14,"column":6},"end":{"line":14,"column":16}},"7":{"start":{"line":19,"column":4},"end":{"line":31,"column":5}},"8":{"start":{"line":20,"column":59},"end":{"line":20,"column":68}},"9":{"start":{"line":21,"column":23},"end":{"line":27,"column":8}},"10":{"start":{"line":28,"column":6},"end":{"line":28,"column":25}},"11":{"start":{"line":30,"column":6},"end":{"line":30,"column":16}},"12":{"start":{"line":35,"column":4},"end":{"line":43,"column":5}},"13":{"start":{"line":36,"column":22},"end":{"line":39,"column":7}},"14":{"start":{"line":40,"column":6},"end":{"line":40,"column":24}},"15":{"start":{"line":42,"column":6},"end":{"line":42,"column":16}},"16":{"start":{"line":47,"column":4},"end":{"line":56,"column":5}},"17":{"start":{"line":48,"column":22},"end":{"line":52,"column":7}},"18":{"start":{"line":53,"column":6},"end":{"line":53,"column":24}},"19":{"start":{"line":55,"column":6},"end":{"line":55,"column":16}},"20":{"start":{"line":60,"column":4},"end":{"line":65,"column":5}},"21":{"start":{"line":61,"column":6},"end":{"line":61,"column":69}},"22":{"start":{"line":62,"column":6},"end":{"line":62,"column":28}},"23":{"start":{"line":64,"column":6},"end":{"line":64,"column":16}},"24":{"start":{"line":69,"column":0},"end":{"line":69,"column":41}}},"fnMap":{"0":{"name":"(anonymous_0)","decl":{"start":{"line":5,"column":2},"end":{"line":5,"column":3}},"loc":{"start":{"line":5,"column":38},"end":{"line":16,"column":3}},"line":5},"1":{"name":"(anonymous_1)","decl":{"start":{"line":18,"column":2},"end":{"line":18,"column":3}},"loc":{"start":{"line":18,"column":36},"end":{"line":32,"column":3}},"line":18},"2":{"name":"(anonymous_2)","decl":{"start":{"line":34,"column":2},"end":{"line":34,"column":3}},"loc":{"start":{"line":34,"column":35},"end":{"line":44,"column":3}},"line":34},"3":{"name":"(anonymous_3)","decl":{"start":{"line":46,"column":2},"end":{"line":46,"column":3}},"loc":{"start":{"line":46,"column":38},"end":{"line":57,"column":3}},"line":46},"4":{"name":"(anonymous_4)","decl":{"start":{"line":59,"column":2},"end":{"line":59,"column":3}},"loc":{"start":{"line":59,"column":38},"end":{"line":66,"column":3}},"line":59}},"branchMap":{"0":{"loc":{"start":{"line":20,"column":14},"end":{"line":20,"column":22}},"type":"default-arg","locations":[{"start":{"line":20,"column":21},"end":{"line":20,"column":22}}],"line":20},"1":{"loc":{"start":{"line":20,"column":24},"end":{"line":20,"column":34}},"type":"default-arg","locations":[{"start":{"line":20,"column":32},"end":{"line":20,"column":34}}],"line":20}},"s":{"0":1,"1":1,"2":2,"3":2,"4":2,"5":1,"6":1,"7":3,"8":3,"9":3,"10":2,"11":1,"12":2,"13":2,"14":1,"15":1,"16":2,"17":2,"18":1,"19":1,"20":2,"21":2,"22":1,"23":1,"24":1},"f":{"0":2,"1":3,"2":2,"3":2,"4":2},"b":{"0":[2],"1":[2]},"_coverageSchema":"1a1c01bbd47fc00a2c39e90264f33305004495a9","hash":"07fcd4e07889263237e8f12a2ec0e95a2be07d14"}
,"C:\\Users\\Z.SHAYA\\Desktop\\Expense_Tracker\\models\\expense.js": {"path":"C:\\Users\\Z.SHAYA\\Desktop\\Expense_Tracker\\models\\expense.js","statementMap":{"0":{"start":{"line":1,"column":26},"end":{"line":1,"column":46}},"1":{"start":{"line":2,"column":18},"end":{"line":2,"column":46}},"2":{"start":{"line":4,"column":16},"end":{"line":47,"column":1}},"3":{"start":{"line":41,"column":33},"end":{"line":41,"column":56}},"4":{"start":{"line":42,"column":34},"end":{"line":44,"column":7}},"5":{"start":{"line":49,"column":0},"end":{"line":49,"column":25}}},"fnMap":{"0":{"name":"(anonymous_0)","decl":{"start":{"line":41,"column":18},"end":{"line":41,"column":19}},"loc":{"start":{"line":41,"column":33},"end":{"line":41,"column":56}},"line":41},"1":{"name":"(anonymous_1)","decl":{"start":{"line":42,"column":17},"end":{"line":42,"column":18}},"loc":{"start":{"line":42,"column":34},"end":{"line":44,"column":7}},"line":42}},"branchMap":{},"s":{"0":1,"1":1,"2":1,"3":0,"4":0,"5":1},"f":{"0":0,"1":0},"b":{},"_coverageSchema":"1a1c01bbd47fc00a2c39e90264f33305004495a9","hash":"4f9d1ff54f41a9eef1a392ce89d6fe5babd42b28"}
,"C:\\Users\\Z.SHAYA\\Desktop\\Expense_Tracker\\models\\expensefile.js": {"path":"C:\\Users\\Z.SHAYA\\Desktop\\Expense_Tracker\\models\\expensefile.js","statementMap":{"0":{"start":{"line":1,"column":22},"end":{"line":1,"column":42}},"1":{"start":{"line":2,"column":18},"end":{"line":2,"column":46}},"2":{"start":{"line":4,"column":20},"end":{"line":37,"column":1}},"3":{"start":{"line":31,"column":8},"end":{"line":33,"column":9}},"4":{"start":{"line":32,"column":10},"end":{"line":32,"column":53}},"5":{"start":{"line":39,"column":0},"end":{"line":46,"column":2}},"6":{"start":{"line":40,"column":2},"end":{"line":45,"column":4}},"7":{"start":{"line":48,"column":0},"end":{"line":48,"column":29}}},"fnMap":{"0":{"name":"(anonymous_0)","decl":{"start":{"line":30,"column":22},"end":{"line":30,"column":23}},"loc":{"start":{"line":30,"column":32},"end":{"line":34,"column":7}},"line":30},"1":{"name":"(anonymous_1)","decl":{"start":{"line":39,"column":38},"end":{"line":39,"column":39}},"loc":{"start":{"line":39,"column":50},"end":{"line":46,"column":1}},"line":39}},"branchMap":{"0":{"loc":{"start":{"line":31,"column":8},"end":{"line":33,"column":9}},"type":"if","locations":[{"start":{"line":31,"column":8},"end":{"line":33,"column":9}},{"start":{},"end":{}}],"line":31},"1":{"loc":{"start":{"line":31,"column":12},"end":{"line":31,"column":64}},"type":"binary-expr","locations":[{"start":{"line":31,"column":12},"end":{"line":31,"column":25}},{"start":{"line":31,"column":29},"end":{"line":31,"column":64}}],"line":31}},"s":{"0":1,"1":1,"2":1,"3":0,"4":0,"5":1,"6":0,"7":1},"f":{"0":0,"1":0},"b":{"0":[0,0],"1":[0,0]},"_coverageSchema":"1a1c01bbd47fc00a2c39e90264f33305004495a9","hash":"f518fa5441944332c0fc0dc6611d6cb8114bdd2f"}
,"C:\\Users\\Z.SHAYA\\Desktop\\Expense_Tracker\\models\\index.js": {"path":"C:\\Users\\Z.SHAYA\\Desktop\\Expense_Tracker\\models\\index.js","statementMap":{"0":{"start":{"line":1,"column":18},"end":{"line":1,"column":46}},"1":{"start":{"line":2,"column":13},"end":{"line":2,"column":30}},"2":{"start":{"line":3,"column":16},"end":{"line":3,"column":36}},"3":{"start":{"line":4,"column":20},"end":{"line":4,"column":44}},"4":{"start":{"line":5,"column":23},"end":{"line":5,"column":50}},"5":{"start":{"line":7,"column":0},"end":{"line":7,"column":49}},"6":{"start":{"line":8,"column":0},"end":{"line":8,"column":51}},"7":{"start":{"line":10,"column":0},"end":{"line":10,"column":59}},"8":{"start":{"line":11,"column":0},"end":{"line":11,"column":61}},"9":{"start":{"line":13,"column":0},"end":{"line":13,"column":56}},"10":{"start":{"line":14,"column":0},"end":{"line":14,"column":58}},"11":{"start":{"line":16,"column":0},"end":{"line":16,"column":75}}},"fnMap":{},"branchMap":{},"s":{"0":1,"1":1,"2":1,"3":1,"4":1,"5":1,"6":1,"7":1,"8":1,"9":1,"10":1,"11":1},"f":{},"b":{},"_coverageSchema":"1a1c01bbd47fc00a2c39e90264f33305004495a9","hash":"219c51e3efc961e36116a40b05ca03453577a160"}
,"C:\\Users\\Z.SHAYA\\Desktop\\Expense_Tracker\\models\\monthlysummary.js": {"path":"C:\\Users\\Z.SHAYA\\Desktop\\Expense_Tracker\\models\\monthlysummary.js","statementMap":{"0":{"start":{"line":1,"column":22},"end":{"line":1,"column":42}},"1":{"start":{"line":2,"column":18},"end":{"line":2,"column":46}},"2":{"start":{"line":4,"column":23},"end":{"line":32,"column":1}},"3":{"start":{"line":34,"column":0},"end":{"line":34,"column":32}}},"fnMap":{},"branchMap":{},"s":{"0":1,"1":1,"2":1,"3":1},"f":{},"b":{},"_coverageSchema":"1a1c01bbd47fc00a2c39e90264f33305004495a9","hash":"81903cc5c8cd6b535475fae2af69a18145bd0d49"}
,"C:\\Users\\Z.SHAYA\\Desktop\\Expense_Tracker\\models\\user.js": {"path":"C:\\Users\\Z.SHAYA\\Desktop\\Expense_Tracker\\models\\user.js","statementMap":{"0":{"start":{"line":1,"column":22},"end":{"line":1,"column":42}},"1":{"start":{"line":3,"column":15},"end":{"line":3,"column":34}},"2":{"start":{"line":4,"column":18},"end":{"line":4,"column":46}},"3":{"start":{"line":6,"column":13},"end":{"line":37,"column":1}},"4":{"start":{"line":40,"column":2},"end":{"line":43,"column":3}},"5":{"start":{"line":41,"column":17},"end":{"line":41,"column":41}},"6":{"start":{"line":42,"column":4},"end":{"line":42,"column":69}},"7":{"start":{"line":46,"column":0},"end":{"line":48,"column":2}},"8":{"start":{"line":47,"column":2},"end":{"line":47,"column":54}},"9":{"start":{"line":50,"column":0},"end":{"line":50,"column":22}}},"fnMap":{"0":{"name":"hashPassword","decl":{"start":{"line":39,"column":15},"end":{"line":39,"column":27}},"loc":{"start":{"line":39,"column":34},"end":{"line":44,"column":1}},"line":39},"1":{"name":"(anonymous_1)","decl":{"start":{"line":46,"column":32},"end":{"line":46,"column":33}},"loc":{"start":{"line":46,"column":58},"end":{"line":48,"column":1}},"line":46}},"branchMap":{"0":{"loc":{"start":{"line":40,"column":2},"end":{"line":43,"column":3}},"type":"if","locations":[{"start":{"line":40,"column":2},"end":{"line":43,"column":3}},{"start":{},"end":{}}],"line":40}},"s":{"0":1,"1":1,"2":1,"3":1,"4":0,"5":0,"6":0,"7":1,"8":0,"9":1},"f":{"0":0,"1":0},"b":{"0":[0,0]},"_coverageSchema":"1a1c01bbd47fc00a2c39e90264f33305004495a9","hash":"78959f12dfb555eba434f4958d6c98ab6e6ae4d7"}
,"C:\\Users\\Z.SHAYA\\Desktop\\Expense_Tracker\\services\\expense_service.js": {"path":"C:\\Users\\Z.SHAYA\\Desktop\\Expense_Tracker\\services\\expense_service.js","statementMap":{"0":{"start":{"line":1,"column":20},"end":{"line":1,"column":40}},"1":{"start":{"line":2,"column":17},"end":{"line":2,"column":45}},"2":{"start":{"line":3,"column":15},"end":{"line":3,"column":35}},"3":{"start":{"line":7,"column":4},"end":{"line":11,"column":5}},"4":{"start":{"line":8,"column":6},"end":{"line":8,"column":47}},"5":{"start":{"line":10,"column":6},"end":{"line":10,"column":58}},"6":{"start":{"line":15,"column":19},"end":{"line":15,"column":37}},"7":{"start":{"line":16,"column":18},"end":{"line":16,"column":37}},"8":{"start":{"line":18,"column":4},"end":{"line":18,"column":44}},"9":{"start":{"line":18,"column":18},"end":{"line":18,"column":44}},"10":{"start":{"line":19,"column":4},"end":{"line":23,"column":5}},"11":{"start":{"line":20,"column":6},"end":{"line":22,"column":8}},"12":{"start":{"line":25,"column":4},"end":{"line":30,"column":7}},"13":{"start":{"line":34,"column":20},"end":{"line":36,"column":6}},"14":{"start":{"line":37,"column":4},"end":{"line":37,"column":63}},"15":{"start":{"line":37,"column":18},"end":{"line":37,"column":63}},"16":{"start":{"line":38,"column":4},"end":{"line":38,"column":19}},"17":{"start":{"line":42,"column":20},"end":{"line":42,"column":57}},"18":{"start":{"line":43,"column":4},"end":{"line":43,"column":44}},"19":{"start":{"line":47,"column":20},"end":{"line":47,"column":57}},"20":{"start":{"line":48,"column":4},"end":{"line":48,"column":35}},"21":{"start":{"line":52,"column":0},"end":{"line":52,"column":38}}},"fnMap":{"0":{"name":"(anonymous_0)","decl":{"start":{"line":6,"column":2},"end":{"line":6,"column":3}},"loc":{"start":{"line":6,"column":35},"end":{"line":12,"column":3}},"line":6},"1":{"name":"(anonymous_1)","decl":{"start":{"line":14,"column":2},"end":{"line":14,"column":3}},"loc":{"start":{"line":14,"column":77},"end":{"line":31,"column":3}},"line":14},"2":{"name":"(anonymous_2)","decl":{"start":{"line":33,"column":2},"end":{"line":33,"column":3}},"loc":{"start":{"line":33,"column":35},"end":{"line":39,"column":3}},"line":33},"3":{"name":"(anonymous_3)","decl":{"start":{"line":41,"column":2},"end":{"line":41,"column":3}},"loc":{"start":{"line":41,"column":46},"end":{"line":44,"column":3}},"line":41},"4":{"name":"(anonymous_4)","decl":{"start":{"line":46,"column":2},"end":{"line":46,"column":3}},"loc":{"start":{"line":46,"column":34},"end":{"line":49,"column":3}},"line":46}},"branchMap":{"0":{"loc":{"start":{"line":18,"column":4},"end":{"line":18,"column":44}},"type":"if","locations":[{"start":{"line":18,"column":4},"end":{"line":18,"column":44}},{"start":{},"end":{}}],"line":18},"1":{"loc":{"start":{"line":19,"column":4},"end":{"line":23,"column":5}},"type":"if","locations":[{"start":{"line":19,"column":4},"end":{"line":23,"column":5}},{"start":{},"end":{}}],"line":19},"2":{"loc":{"start":{"line":19,"column":8},"end":{"line":19,"column":26}},"type":"binary-expr","locations":[{"start":{"line":19,"column":8},"end":{"line":19,"column":16}},{"start":{"line":19,"column":20},"end":{"line":19,"column":26}}],"line":19},"3":{"loc":{"start":{"line":37,"column":4},"end":{"line":37,"column":63}},"type":"if","locations":[{"start":{"line":37,"column":4},"end":{"line":37,"column":63}},{"start":{},"end":{}}],"line":37}},"s":{"0":1,"1":1,"2":1,"3":0,"4":0,"5":0,"6":0,"7":0,"8":0,"9":0,"10":0,"11":0,"12":0,"13":0,"14":0,"15":0,"16":0,"17":0,"18":0,"19":0,"20":0,"21":1},"f":{"0":0,"1":0,"2":0,"3":0,"4":0},"b":{"0":[0,0],"1":[0,0],"2":[0,0],"3":[0,0]},"_coverageSchema":"1a1c01bbd47fc00a2c39e90264f33305004495a9","hash":"5f157785b4f7942b9910a420aa3a45adaeacef34"}
,"C:\\Users\\Z.SHAYA\\Desktop\\Expense_Tracker\\utils\\ApiError.js": {"path":"C:\\Users\\Z.SHAYA\\Desktop\\Expense_Tracker\\utils\\ApiError.js","statementMap":{"0":{"start":{"line":3,"column":4},"end":{"line":3,"column":19}},"1":{"start":{"line":4,"column":4},"end":{"line":4,"column":33}},"2":{"start":{"line":5,"column":4},"end":{"line":5,"column":39}},"3":{"start":{"line":6,"column":4},"end":{"line":6,"column":69}},"4":{"start":{"line":8,"column":4},"end":{"line":12,"column":5}},"5":{"start":{"line":9,"column":6},"end":{"line":9,"column":25}},"6":{"start":{"line":11,"column":6},"end":{"line":11,"column":54}},"7":{"start":{"line":17,"column":4},"end":{"line":17,"column":38}},"8":{"start":{"line":22,"column":4},"end":{"line":22,"column":38}},"9":{"start":{"line":27,"column":4},"end":{"line":27,"column":38}},"10":{"start":{"line":32,"column":4},"end":{"line":32,"column":38}},"11":{"start":{"line":37,"column":4},"end":{"line":37,"column":38}},"12":{"start":{"line":41,"column":0},"end":{"line":41,"column":26}}},"fnMap":{"0":{"name":"(anonymous_0)","decl":{"start":{"line":2,"column":2},"end":{"line":2,"column":3}},"loc":{"start":{"line":2,"column":69},"end":{"line":13,"column":3}},"line":2},"1":{"name":"(anonymous_1)","decl":{"start":{"line":16,"column":2},"end":{"line":16,"column":3}},"loc":{"start":{"line":16,"column":29},"end":{"line":18,"column":3}},"line":16},"2":{"name":"(anonymous_2)","decl":{"start":{"line":21,"column":2},"end":{"line":21,"column":3}},"loc":{"start":{"line":21,"column":48},"end":{"line":23,"column":3}},"line":21},"3":{"name":"(anonymous_3)","decl":{"start":{"line":26,"column":2},"end":{"line":26,"column":3}},"loc":{"start":{"line":26,"column":42},"end":{"line":28,"column":3}},"line":26},"4":{"name":"(anonymous_4)","decl":{"start":{"line":31,"column":2},"end":{"line":31,"column":3}},"loc":{"start":{"line":31,"column":41},"end":{"line":33,"column":3}},"line":31},"5":{"name":"(anonymous_5)","decl":{"start":{"line":36,"column":2},"end":{"line":36,"column":3}},"loc":{"start":{"line":36,"column":53},"end":{"line":38,"column":3}},"line":36}},"branchMap":{"0":{"loc":{"start":{"line":2,"column":35},"end":{"line":2,"column":55}},"type":"default-arg","locations":[{"start":{"line":2,"column":51},"end":{"line":2,"column":55}}],"line":2},"1":{"loc":{"start":{"line":2,"column":57},"end":{"line":2,"column":67}},"type":"default-arg","locations":[{"start":{"line":2,"column":65},"end":{"line":2,"column":67}}],"line":2},"2":{"loc":{"start":{"line":6,"column":18},"end":{"line":6,"column":68}},"type":"cond-expr","locations":[{"start":{"line":6,"column":52},"end":{"line":6,"column":58}},{"start":{"line":6,"column":61},"end":{"line":6,"column":68}}],"line":6},"3":{"loc":{"start":{"line":8,"column":4},"end":{"line":12,"column":5}},"type":"if","locations":[{"start":{"line":8,"column":4},"end":{"line":12,"column":5}},{"start":{"line":10,"column":11},"end":{"line":12,"column":5}}],"line":8},"4":{"loc":{"start":{"line":21,"column":22},"end":{"line":21,"column":46}},"type":"default-arg","locations":[{"start":{"line":21,"column":32},"end":{"line":21,"column":46}}],"line":21},"5":{"loc":{"start":{"line":26,"column":19},"end":{"line":26,"column":40}},"type":"default-arg","locations":[{"start":{"line":26,"column":29},"end":{"line":26,"column":40}}],"line":26},"6":{"loc":{"start":{"line":31,"column":18},"end":{"line":31,"column":39}},"type":"default-arg","locations":[{"start":{"line":31,"column":28},"end":{"line":31,"column":39}}],"line":31},"7":{"loc":{"start":{"line":36,"column":18},"end":{"line":36,"column":51}},"type":"default-arg","locations":[{"start":{"line":36,"column":28},"end":{"line":36,"column":51}}],"line":36}},"s":{"0":4,"1":4,"2":4,"3":4,"4":4,"5":0,"6":4,"7":0,"8":0,"9":0,"10":0,"11":0,"12":2},"f":{"0":4,"1":0,"2":0,"3":0,"4":0,"5":0},"b":{"0":[4],"1":[4],"2":[4,0],"3":[0,4],"4":[0],"5":[0],"6":[0],"7":[0]},"_coverageSchema":"1a1c01bbd47fc00a2c39e90264f33305004495a9","hash":"4c7eef197a401bcb88f86cbf325f0705f58448f5"}
}
