{"C:\\Users\\Z.SHAYA\\Desktop\\Expense_Tracker\\config\\auth.js": {"path":"C:\\Users\\Z.SHAYA\\Desktop\\Expense_Tracker\\config\\auth.js","statementMap":{"0":{"start":{"line":1,"column":0},"end":{"line":1,"column":27}},"1":{"start":{"line":2,"column":15},"end":{"line":2,"column":32}},"2":{"start":{"line":3,"column":12},"end":{"line":3,"column":35}},"3":{"start":{"line":5,"column":18},"end":{"line":5,"column":40}},"4":{"start":{"line":6,"column":21},"end":{"line":6,"column":47}},"5":{"start":{"line":7,"column":19},"end":{"line":7,"column":52}},"6":{"start":{"line":8,"column":0},"end":{"line":10,"column":1}},"7":{"start":{"line":9,"column":2},"end":{"line":9,"column":72}},"8":{"start":{"line":12,"column":0},"end":{"line":32,"column":2}},"9":{"start":{"line":18,"column":4},"end":{"line":18,"column":51}},"10":{"start":{"line":22,"column":4},"end":{"line":22,"column":48}},"11":{"start":{"line":26,"column":4},"end":{"line":26,"column":69}},"12":{"start":{"line":30,"column":4},"end":{"line":30,"column":40}}},"fnMap":{"0":{"name":"(anonymous_0)","decl":{"start":{"line":17,"column":16},"end":{"line":17,"column":17}},"loc":{"start":{"line":17,"column":36},"end":{"line":19,"column":3}},"line":17},"1":{"name":"(anonymous_1)","decl":{"start":{"line":21,"column":19},"end":{"line":21,"column":20}},"loc":{"start":{"line":21,"column":45},"end":{"line":23,"column":3}},"line":21},"2":{"name":"(anonymous_2)","decl":{"start":{"line":25,"column":17},"end":{"line":25,"column":18}},"loc":{"start":{"line":25,"column":30},"end":{"line":27,"column":3}},"line":25},"3":{"name":"(anonymous_3)","decl":{"start":{"line":29,"column":15},"end":{"line":29,"column":16}},"loc":{"start":{"line":29,"column":26},"end":{"line":31,"column":3}},"line":29}},"branchMap":{"0":{"loc":{"start":{"line":8,"column":0},"end":{"line":10,"column":1}},"type":"if","locations":[{"start":{"line":8,"column":0},"end":{"line":10,"column":1}},{"start":{},"end":{}}],"line":8}},"s":{"0":1,"1":1,"2":1,"3":1,"4":1,"5":1,"6":1,"7":0,"8":1,"9":2,"10":4,"11":3,"12":4},"f":{"0":2,"1":4,"2":3,"3":4},"b":{"0":[0,1]},"_coverageSchema":"1a1c01bbd47fc00a2c39e90264f33305004495a9","hash":"afc88abf13ad63199434831cd34ca936b54d0658"}
,"C:\\Users\\Z.SHAYA\\Desktop\\Expense_Tracker\\config\\connect.js": {"path":"C:\\Users\\Z.SHAYA\\Desktop\\Expense_Tracker\\config\\connect.js","statementMap":{"0":{"start":{"line":1,"column":22},"end":{"line":1,"column":42}},"1":{"start":{"line":2,"column":15},"end":{"line":2,"column":78}},"2":{"start":{"line":4,"column":18},"end":{"line":13,"column":2}},"3":{"start":{"line":15,"column":0},"end":{"line":15,"column":27}}},"fnMap":{},"branchMap":{"0":{"loc":{"start":{"line":2,"column":40},"end":{"line":2,"column":77}},"type":"binary-expr","locations":[{"start":{"line":2,"column":40},"end":{"line":2,"column":60}},{"start":{"line":2,"column":64},"end":{"line":2,"column":77}}],"line":2},"1":{"loc":{"start":{"line":7,"column":11},"end":{"line":7,"column":71}},"type":"cond-expr","locations":[{"start":{"line":7,"column":52},"end":{"line":7,"column":63}},{"start":{"line":7,"column":66},"end":{"line":7,"column":71}}],"line":7}},"s":{"0":4,"1":4,"2":4,"3":4},"f":{},"b":{"0":[4,0],"1":[0,4]},"_coverageSchema":"1a1c01bbd47fc00a2c39e90264f33305004495a9","hash":"2951a04a830772d064dd950c69320d3a7d3f3881"}
,"C:\\Users\\Z.SHAYA\\Desktop\\Expense_Tracker\\controllers\\analytics_controller.js": {"path":"C:\\Users\\Z.SHAYA\\Desktop\\Expense_Tracker\\controllers\\analytics_controller.js","statementMap":{"0":{"start":{"line":1,"column":25},"end":{"line":1,"column":65}},"1":{"start":{"line":2,"column":17},"end":{"line":2,"column":45}},"2":{"start":{"line":6,"column":4},"end":{"line":15,"column":5}},"3":{"start":{"line":7,"column":22},"end":{"line":7,"column":75}},"4":{"start":{"line":8,"column":6},"end":{"line":11,"column":9}},"5":{"start":{"line":13,"column":6},"end":{"line":13,"column":45}},"6":{"start":{"line":14,"column":6},"end":{"line":14,"column":69}},"7":{"start":{"line":19,"column":4},"end":{"line":37,"column":5}},"8":{"start":{"line":20,"column":27},"end":{"line":20,"column":36}},"9":{"start":{"line":21,"column":6},"end":{"line":23,"column":7}},"10":{"start":{"line":22,"column":8},"end":{"line":22,"column":58}},"11":{"start":{"line":25,"column":22},"end":{"line":29,"column":7}},"12":{"start":{"line":31,"column":6},"end":{"line":34,"column":3}},"13":{"start":{"line":36,"column":6},"end":{"line":36,"column":16}},"14":{"start":{"line":41,"column":0},"end":{"line":41,"column":43}}},"fnMap":{"0":{"name":"(anonymous_0)","decl":{"start":{"line":5,"column":2},"end":{"line":5,"column":3}},"loc":{"start":{"line":5,"column":42},"end":{"line":16,"column":3}},"line":5},"1":{"name":"(anonymous_1)","decl":{"start":{"line":18,"column":2},"end":{"line":18,"column":3}},"loc":{"start":{"line":18,"column":44},"end":{"line":38,"column":3}},"line":18}},"branchMap":{"0":{"loc":{"start":{"line":21,"column":6},"end":{"line":23,"column":7}},"type":"if","locations":[{"start":{"line":21,"column":6},"end":{"line":23,"column":7}},{"start":{},"end":{}}],"line":21},"1":{"loc":{"start":{"line":21,"column":10},"end":{"line":21,"column":22}},"type":"binary-expr","locations":[{"start":{"line":21,"column":10},"end":{"line":21,"column":15}},{"start":{"line":21,"column":19},"end":{"line":21,"column":22}}],"line":21}},"s":{"0":1,"1":1,"2":2,"3":2,"4":1,"5":1,"6":1,"7":3,"8":3,"9":3,"10":1,"11":2,"12":1,"13":2,"14":1},"f":{"0":2,"1":3},"b":{"0":[1,2],"1":[3,3]},"_coverageSchema":"1a1c01bbd47fc00a2c39e90264f33305004495a9","hash":"5c6c79dec727269374f0497d51497a494cc6e2a2"}
,"C:\\Users\\Z.SHAYA\\Desktop\\Expense_Tracker\\controllers\\expenses_controller.js": {"path":"C:\\Users\\Z.SHAYA\\Desktop\\Expense_Tracker\\controllers\\expenses_controller.js","statementMap":{"0":{"start":{"line":1,"column":23},"end":{"line":1,"column":61}},"1":{"start":{"line":2,"column":17},"end":{"line":2,"column":45}},"2":{"start":{"line":6,"column":4},"end":{"line":15,"column":5}},"3":{"start":{"line":7,"column":26},"end":{"line":10,"column":7}},"4":{"start":{"line":11,"column":22},"end":{"line":11,"column":69}},"5":{"start":{"line":12,"column":6},"end":{"line":12,"column":36}},"6":{"start":{"line":14,"column":6},"end":{"line":14,"column":16}},"7":{"start":{"line":19,"column":4},"end":{"line":31,"column":5}},"8":{"start":{"line":20,"column":59},"end":{"line":20,"column":68}},"9":{"start":{"line":21,"column":23},"end":{"line":27,"column":8}},"10":{"start":{"line":28,"column":6},"end":{"line":28,"column":25}},"11":{"start":{"line":30,"column":6},"end":{"line":30,"column":16}},"12":{"start":{"line":35,"column":4},"end":{"line":43,"column":5}},"13":{"start":{"line":36,"column":22},"end":{"line":39,"column":7}},"14":{"start":{"line":40,"column":6},"end":{"line":40,"column":24}},"15":{"start":{"line":42,"column":6},"end":{"line":42,"column":16}},"16":{"start":{"line":47,"column":4},"end":{"line":56,"column":5}},"17":{"start":{"line":48,"column":22},"end":{"line":52,"column":7}},"18":{"start":{"line":53,"column":6},"end":{"line":53,"column":24}},"19":{"start":{"line":55,"column":6},"end":{"line":55,"column":16}},"20":{"start":{"line":60,"column":4},"end":{"line":65,"column":5}},"21":{"start":{"line":61,"column":6},"end":{"line":61,"column":69}},"22":{"start":{"line":62,"column":6},"end":{"line":62,"column":28}},"23":{"start":{"line":64,"column":6},"end":{"line":64,"column":16}},"24":{"start":{"line":69,"column":0},"end":{"line":69,"column":41}}},"fnMap":{"0":{"name":"(anonymous_0)","decl":{"start":{"line":5,"column":2},"end":{"line":5,"column":3}},"loc":{"start":{"line":5,"column":38},"end":{"line":16,"column":3}},"line":5},"1":{"name":"(anonymous_1)","decl":{"start":{"line":18,"column":2},"end":{"line":18,"column":3}},"loc":{"start":{"line":18,"column":36},"end":{"line":32,"column":3}},"line":18},"2":{"name":"(anonymous_2)","decl":{"start":{"line":34,"column":2},"end":{"line":34,"column":3}},"loc":{"start":{"line":34,"column":35},"end":{"line":44,"column":3}},"line":34},"3":{"name":"(anonymous_3)","decl":{"start":{"line":46,"column":2},"end":{"line":46,"column":3}},"loc":{"start":{"line":46,"column":38},"end":{"line":57,"column":3}},"line":46},"4":{"name":"(anonymous_4)","decl":{"start":{"line":59,"column":2},"end":{"line":59,"column":3}},"loc":{"start":{"line":59,"column":38},"end":{"line":66,"column":3}},"line":59}},"branchMap":{"0":{"loc":{"start":{"line":20,"column":14},"end":{"line":20,"column":22}},"type":"default-arg","locations":[{"start":{"line":20,"column":21},"end":{"line":20,"column":22}}],"line":20},"1":{"loc":{"start":{"line":20,"column":24},"end":{"line":20,"column":34}},"type":"default-arg","locations":[{"start":{"line":20,"column":32},"end":{"line":20,"column":34}}],"line":20}},"s":{"0":1,"1":1,"2":2,"3":2,"4":2,"5":1,"6":1,"7":3,"8":3,"9":3,"10":2,"11":1,"12":2,"13":2,"14":1,"15":1,"16":2,"17":2,"18":1,"19":1,"20":2,"21":2,"22":1,"23":1,"24":1},"f":{"0":2,"1":3,"2":2,"3":2,"4":2},"b":{"0":[2],"1":[2]},"_coverageSchema":"1a1c01bbd47fc00a2c39e90264f33305004495a9","hash":"07fcd4e07889263237e8f12a2ec0e95a2be07d14"}
,"C:\\Users\\Z.SHAYA\\Desktop\\Expense_Tracker\\controllers\\files_controller.js": {"path":"C:\\Users\\Z.SHAYA\\Desktop\\Expense_Tracker\\controllers\\files_controller.js","statementMap":{"0":{"start":{"line":1,"column":17},"end":{"line":1,"column":45}},"1":{"start":{"line":2,"column":21},"end":{"line":2,"column":56}},"2":{"start":{"line":3,"column":16},"end":{"line":3,"column":63}},"3":{"start":{"line":4,"column":13},"end":{"line":4,"column":28}},"4":{"start":{"line":5,"column":28},"end":{"line":5,"column":64}},"5":{"start":{"line":9,"column":4},"end":{"line":29,"column":5}},"6":{"start":{"line":10,"column":6},"end":{"line":12,"column":7}},"7":{"start":{"line":11,"column":8},"end":{"line":11,"column":52}},"8":{"start":{"line":14,"column":25},"end":{"line":19,"column":8}},"9":{"start":{"line":21,"column":6},"end":{"line":24,"column":9}},"10":{"start":{"line":26,"column":6},"end":{"line":26,"column":39}},"11":{"start":{"line":28,"column":6},"end":{"line":28,"column":16}},"12":{"start":{"line":33,"column":4},"end":{"line":53,"column":5}},"13":{"start":{"line":34,"column":19},"end":{"line":37,"column":7}},"14":{"start":{"line":39,"column":6},"end":{"line":41,"column":7}},"15":{"start":{"line":40,"column":8},"end":{"line":40,"column":50}},"16":{"start":{"line":44,"column":25},"end":{"line":44,"column":38}},"17":{"start":{"line":45,"column":6},"end":{"line":47,"column":7}},"18":{"start":{"line":46,"column":8},"end":{"line":46,"column":58}},"19":{"start":{"line":49,"column":23},"end":{"line":49,"column":63}},"20":{"start":{"line":50,"column":6},"end":{"line":50,"column":44}},"21":{"start":{"line":52,"column":6},"end":{"line":52,"column":16}},"22":{"start":{"line":57,"column":4},"end":{"line":62,"column":5}},"23":{"start":{"line":58,"column":6},"end":{"line":58,"column":77}},"24":{"start":{"line":59,"column":6},"end":{"line":59,"column":28}},"25":{"start":{"line":61,"column":6},"end":{"line":61,"column":16}},"26":{"start":{"line":66,"column":0},"end":{"line":66,"column":39}}},"fnMap":{"0":{"name":"(anonymous_0)","decl":{"start":{"line":8,"column":2},"end":{"line":8,"column":3}},"loc":{"start":{"line":8,"column":35},"end":{"line":30,"column":3}},"line":8},"1":{"name":"(anonymous_1)","decl":{"start":{"line":32,"column":2},"end":{"line":32,"column":3}},"loc":{"start":{"line":32,"column":37},"end":{"line":54,"column":3}},"line":32},"2":{"name":"(anonymous_2)","decl":{"start":{"line":56,"column":2},"end":{"line":56,"column":3}},"loc":{"start":{"line":56,"column":35},"end":{"line":63,"column":3}},"line":56}},"branchMap":{"0":{"loc":{"start":{"line":3,"column":16},"end":{"line":3,"column":63}},"type":"binary-expr","locations":[{"start":{"line":3,"column":16},"end":{"line":3,"column":36}},{"start":{"line":3,"column":40},"end":{"line":3,"column":63}}],"line":3},"1":{"loc":{"start":{"line":10,"column":6},"end":{"line":12,"column":7}},"type":"if","locations":[{"start":{"line":10,"column":6},"end":{"line":12,"column":7}},{"start":{},"end":{}}],"line":10},"2":{"loc":{"start":{"line":39,"column":6},"end":{"line":41,"column":7}},"type":"if","locations":[{"start":{"line":39,"column":6},"end":{"line":41,"column":7}},{"start":{},"end":{}}],"line":39},"3":{"loc":{"start":{"line":45,"column":6},"end":{"line":47,"column":7}},"type":"if","locations":[{"start":{"line":45,"column":6},"end":{"line":47,"column":7}},{"start":{},"end":{}}],"line":45}},"s":{"0":1,"1":1,"2":1,"3":1,"4":1,"5":2,"6":2,"7":1,"8":1,"9":1,"10":1,"11":1,"12":0,"13":0,"14":0,"15":0,"16":0,"17":0,"18":0,"19":0,"20":0,"21":0,"22":0,"23":0,"24":0,"25":0,"26":1},"f":{"0":2,"1":0,"2":0},"b":{"0":[1,1],"1":[1,1],"2":[0,0],"3":[0,0]},"_coverageSchema":"1a1c01bbd47fc00a2c39e90264f33305004495a9","hash":"0d5b7b9cc6e57a26dc2f2e633d453bfbca5a8591"}
,"C:\\Users\\Z.SHAYA\\Desktop\\Expense_Tracker\\middlewares\\auth_middleware.js": {"path":"C:\\Users\\Z.SHAYA\\Desktop\\Expense_Tracker\\middlewares\\auth_middleware.js","statementMap":{"0":{"start":{"line":1,"column":24},"end":{"line":1,"column":49}},"1":{"start":{"line":3,"column":0},"end":{"line":48,"column":2}},"2":{"start":{"line":7,"column":23},"end":{"line":7,"column":50}},"3":{"start":{"line":10,"column":4},"end":{"line":14,"column":5}},"4":{"start":{"line":11,"column":6},"end":{"line":13,"column":9}},"5":{"start":{"line":17,"column":18},"end":{"line":17,"column":42}},"6":{"start":{"line":19,"column":4},"end":{"line":31,"column":5}},"7":{"start":{"line":21,"column":22},"end":{"line":21,"column":40}},"8":{"start":{"line":23,"column":6},"end":{"line":23,"column":25}},"9":{"start":{"line":25,"column":6},"end":{"line":25,"column":13}},"10":{"start":{"line":28,"column":6},"end":{"line":30,"column":9}},"11":{"start":{"line":36,"column":4},"end":{"line":46,"column":6}},"12":{"start":{"line":38,"column":6},"end":{"line":43,"column":7}},"13":{"start":{"line":40,"column":8},"end":{"line":42,"column":11}},"14":{"start":{"line":45,"column":6},"end":{"line":45,"column":13}}},"fnMap":{"0":{"name":"(anonymous_0)","decl":{"start":{"line":5,"column":16},"end":{"line":5,"column":17}},"loc":{"start":{"line":5,"column":36},"end":{"line":32,"column":3}},"line":5},"1":{"name":"(anonymous_1)","decl":{"start":{"line":35,"column":13},"end":{"line":35,"column":14}},"loc":{"start":{"line":35,"column":29},"end":{"line":47,"column":3}},"line":35},"2":{"name":"(anonymous_2)","decl":{"start":{"line":36,"column":11},"end":{"line":36,"column":12}},"loc":{"start":{"line":36,"column":31},"end":{"line":46,"column":5}},"line":36}},"branchMap":{"0":{"loc":{"start":{"line":10,"column":4},"end":{"line":14,"column":5}},"type":"if","locations":[{"start":{"line":10,"column":4},"end":{"line":14,"column":5}},{"start":{},"end":{}}],"line":10},"1":{"loc":{"start":{"line":10,"column":8},"end":{"line":10,"column":56}},"type":"binary-expr","locations":[{"start":{"line":10,"column":8},"end":{"line":10,"column":19}},{"start":{"line":10,"column":23},"end":{"line":10,"column":56}}],"line":10},"2":{"loc":{"start":{"line":35,"column":14},"end":{"line":35,"column":24}},"type":"default-arg","locations":[{"start":{"line":35,"column":22},"end":{"line":35,"column":24}}],"line":35},"3":{"loc":{"start":{"line":38,"column":6},"end":{"line":43,"column":7}},"type":"if","locations":[{"start":{"line":38,"column":6},"end":{"line":43,"column":7}},{"start":{},"end":{}}],"line":38}},"s":{"0":1,"1":1,"2":3,"3":3,"4":1,"5":2,"6":2,"7":2,"8":1,"9":1,"10":1,"11":2,"12":2,"13":1,"14":1},"f":{"0":3,"1":2,"2":2},"b":{"0":[1,2],"1":[3,2],"2":[0],"3":[1,1]},"_coverageSchema":"1a1c01bbd47fc00a2c39e90264f33305004495a9","hash":"5ad1fe2d4c744c82f3d177a499945c48ce78e7f8"}
,"C:\\Users\\Z.SHAYA\\Desktop\\Expense_Tracker\\models\\expense.js": {"path":"C:\\Users\\Z.SHAYA\\Desktop\\Expense_Tracker\\models\\expense.js","statementMap":{"0":{"start":{"line":1,"column":26},"end":{"line":1,"column":46}},"1":{"start":{"line":2,"column":18},"end":{"line":2,"column":46}},"2":{"start":{"line":4,"column":16},"end":{"line":47,"column":1}},"3":{"start":{"line":41,"column":33},"end":{"line":41,"column":56}},"4":{"start":{"line":42,"column":34},"end":{"line":44,"column":7}},"5":{"start":{"line":49,"column":0},"end":{"line":49,"column":25}}},"fnMap":{"0":{"name":"(anonymous_0)","decl":{"start":{"line":41,"column":18},"end":{"line":41,"column":19}},"loc":{"start":{"line":41,"column":33},"end":{"line":41,"column":56}},"line":41},"1":{"name":"(anonymous_1)","decl":{"start":{"line":42,"column":17},"end":{"line":42,"column":18}},"loc":{"start":{"line":42,"column":34},"end":{"line":44,"column":7}},"line":42}},"branchMap":{},"s":{"0":3,"1":3,"2":3,"3":0,"4":0,"5":3},"f":{"0":0,"1":0},"b":{},"_coverageSchema":"1a1c01bbd47fc00a2c39e90264f33305004495a9","hash":"4f9d1ff54f41a9eef1a392ce89d6fe5babd42b28"}
,"C:\\Users\\Z.SHAYA\\Desktop\\Expense_Tracker\\models\\expensefile.js": {"path":"C:\\Users\\Z.SHAYA\\Desktop\\Expense_Tracker\\models\\expensefile.js","statementMap":{"0":{"start":{"line":1,"column":22},"end":{"line":1,"column":42}},"1":{"start":{"line":2,"column":18},"end":{"line":2,"column":46}},"2":{"start":{"line":4,"column":20},"end":{"line":37,"column":1}},"3":{"start":{"line":31,"column":8},"end":{"line":33,"column":9}},"4":{"start":{"line":32,"column":10},"end":{"line":32,"column":53}},"5":{"start":{"line":39,"column":0},"end":{"line":46,"column":2}},"6":{"start":{"line":40,"column":2},"end":{"line":45,"column":4}},"7":{"start":{"line":48,"column":0},"end":{"line":48,"column":29}}},"fnMap":{"0":{"name":"(anonymous_0)","decl":{"start":{"line":30,"column":22},"end":{"line":30,"column":23}},"loc":{"start":{"line":30,"column":32},"end":{"line":34,"column":7}},"line":30},"1":{"name":"(anonymous_1)","decl":{"start":{"line":39,"column":38},"end":{"line":39,"column":39}},"loc":{"start":{"line":39,"column":50},"end":{"line":46,"column":1}},"line":39}},"branchMap":{"0":{"loc":{"start":{"line":31,"column":8},"end":{"line":33,"column":9}},"type":"if","locations":[{"start":{"line":31,"column":8},"end":{"line":33,"column":9}},{"start":{},"end":{}}],"line":31},"1":{"loc":{"start":{"line":31,"column":12},"end":{"line":31,"column":64}},"type":"binary-expr","locations":[{"start":{"line":31,"column":12},"end":{"line":31,"column":25}},{"start":{"line":31,"column":29},"end":{"line":31,"column":64}}],"line":31}},"s":{"0":3,"1":3,"2":3,"3":0,"4":0,"5":3,"6":0,"7":3},"f":{"0":0,"1":0},"b":{"0":[0,0],"1":[0,0]},"_coverageSchema":"1a1c01bbd47fc00a2c39e90264f33305004495a9","hash":"f518fa5441944332c0fc0dc6611d6cb8114bdd2f"}
,"C:\\Users\\Z.SHAYA\\Desktop\\Expense_Tracker\\models\\index.js": {"path":"C:\\Users\\Z.SHAYA\\Desktop\\Expense_Tracker\\models\\index.js","statementMap":{"0":{"start":{"line":1,"column":18},"end":{"line":1,"column":46}},"1":{"start":{"line":2,"column":13},"end":{"line":2,"column":30}},"2":{"start":{"line":3,"column":16},"end":{"line":3,"column":36}},"3":{"start":{"line":4,"column":20},"end":{"line":4,"column":44}},"4":{"start":{"line":5,"column":23},"end":{"line":5,"column":50}},"5":{"start":{"line":7,"column":0},"end":{"line":7,"column":49}},"6":{"start":{"line":8,"column":0},"end":{"line":8,"column":51}},"7":{"start":{"line":10,"column":0},"end":{"line":10,"column":59}},"8":{"start":{"line":11,"column":0},"end":{"line":11,"column":61}},"9":{"start":{"line":13,"column":0},"end":{"line":13,"column":56}},"10":{"start":{"line":14,"column":0},"end":{"line":14,"column":58}},"11":{"start":{"line":16,"column":0},"end":{"line":16,"column":75}}},"fnMap":{},"branchMap":{},"s":{"0":3,"1":3,"2":3,"3":3,"4":3,"5":3,"6":3,"7":3,"8":3,"9":3,"10":3,"11":3},"f":{},"b":{},"_coverageSchema":"1a1c01bbd47fc00a2c39e90264f33305004495a9","hash":"219c51e3efc961e36116a40b05ca03453577a160"}
,"C:\\Users\\Z.SHAYA\\Desktop\\Expense_Tracker\\models\\monthlysummary.js": {"path":"C:\\Users\\Z.SHAYA\\Desktop\\Expense_Tracker\\models\\monthlysummary.js","statementMap":{"0":{"start":{"line":1,"column":22},"end":{"line":1,"column":42}},"1":{"start":{"line":2,"column":18},"end":{"line":2,"column":46}},"2":{"start":{"line":4,"column":23},"end":{"line":32,"column":1}},"3":{"start":{"line":34,"column":0},"end":{"line":34,"column":32}}},"fnMap":{},"branchMap":{},"s":{"0":3,"1":3,"2":3,"3":3},"f":{},"b":{},"_coverageSchema":"1a1c01bbd47fc00a2c39e90264f33305004495a9","hash":"81903cc5c8cd6b535475fae2af69a18145bd0d49"}
,"C:\\Users\\Z.SHAYA\\Desktop\\Expense_Tracker\\models\\user.js": {"path":"C:\\Users\\Z.SHAYA\\Desktop\\Expense_Tracker\\models\\user.js","statementMap":{"0":{"start":{"line":1,"column":22},"end":{"line":1,"column":42}},"1":{"start":{"line":3,"column":15},"end":{"line":3,"column":34}},"2":{"start":{"line":4,"column":18},"end":{"line":4,"column":46}},"3":{"start":{"line":6,"column":13},"end":{"line":37,"column":1}},"4":{"start":{"line":40,"column":2},"end":{"line":43,"column":3}},"5":{"start":{"line":41,"column":17},"end":{"line":41,"column":41}},"6":{"start":{"line":42,"column":4},"end":{"line":42,"column":69}},"7":{"start":{"line":46,"column":0},"end":{"line":48,"column":2}},"8":{"start":{"line":47,"column":2},"end":{"line":47,"column":54}},"9":{"start":{"line":50,"column":0},"end":{"line":50,"column":22}}},"fnMap":{"0":{"name":"hashPassword","decl":{"start":{"line":39,"column":15},"end":{"line":39,"column":27}},"loc":{"start":{"line":39,"column":34},"end":{"line":44,"column":1}},"line":39},"1":{"name":"(anonymous_1)","decl":{"start":{"line":46,"column":32},"end":{"line":46,"column":33}},"loc":{"start":{"line":46,"column":58},"end":{"line":48,"column":1}},"line":46}},"branchMap":{"0":{"loc":{"start":{"line":40,"column":2},"end":{"line":43,"column":3}},"type":"if","locations":[{"start":{"line":40,"column":2},"end":{"line":43,"column":3}},{"start":{},"end":{}}],"line":40}},"s":{"0":4,"1":4,"2":4,"3":4,"4":0,"5":0,"6":0,"7":4,"8":0,"9":4},"f":{"0":0,"1":0},"b":{"0":[0,0]},"_coverageSchema":"1a1c01bbd47fc00a2c39e90264f33305004495a9","hash":"78959f12dfb555eba434f4958d6c98ab6e6ae4d7"}
,"C:\\Users\\Z.SHAYA\\Desktop\\Expense_Tracker\\services\\analytics_service.js": {"path":"C:\\Users\\Z.SHAYA\\Desktop\\Expense_Tracker\\services\\analytics_service.js","statementMap":{"0":{"start":{"line":1,"column":31},"end":{"line":1,"column":51}},"1":{"start":{"line":2,"column":15},"end":{"line":2,"column":35}},"2":{"start":{"line":3,"column":15},"end":{"line":3,"column":32}},"3":{"start":{"line":7,"column":4},"end":{"line":36,"column":5}},"4":{"start":{"line":8,"column":25},"end":{"line":8,"column":62}},"5":{"start":{"line":10,"column":22},"end":{"line":27,"column":8}},"6":{"start":{"line":29,"column":6},"end":{"line":32,"column":10}},"7":{"start":{"line":29,"column":36},"end":{"line":32,"column":7}},"8":{"start":{"line":34,"column":6},"end":{"line":34,"column":52}},"9":{"start":{"line":35,"column":6},"end":{"line":35,"column":46}},"10":{"start":{"line":40,"column":4},"end":{"line":63,"column":5}},"11":{"start":{"line":41,"column":22},"end":{"line":57,"column":8}},"12":{"start":{"line":59,"column":6},"end":{"line":59,"column":21}},"13":{"start":{"line":61,"column":6},"end":{"line":61,"column":60}},"14":{"start":{"line":62,"column":6},"end":{"line":62,"column":46}},"15":{"start":{"line":67,"column":0},"end":{"line":67,"column":40}}},"fnMap":{"0":{"name":"(anonymous_0)","decl":{"start":{"line":6,"column":2},"end":{"line":6,"column":3}},"loc":{"start":{"line":6,"column":34},"end":{"line":37,"column":3}},"line":6},"1":{"name":"(anonymous_1)","decl":{"start":{"line":29,"column":25},"end":{"line":29,"column":26}},"loc":{"start":{"line":29,"column":36},"end":{"line":32,"column":7}},"line":29},"2":{"name":"(anonymous_2)","decl":{"start":{"line":39,"column":2},"end":{"line":39,"column":3}},"loc":{"start":{"line":39,"column":46},"end":{"line":64,"column":3}},"line":39}},"branchMap":{},"s":{"0":1,"1":1,"2":1,"3":0,"4":0,"5":0,"6":0,"7":0,"8":0,"9":0,"10":0,"11":0,"12":0,"13":0,"14":0,"15":1},"f":{"0":0,"1":0,"2":0},"b":{},"_coverageSchema":"1a1c01bbd47fc00a2c39e90264f33305004495a9","hash":"a2516c90ecdd9aa90637fe8812f4ba85fb7ba1b4"}
,"C:\\Users\\Z.SHAYA\\Desktop\\Expense_Tracker\\services\\auth_service.js": {"path":"C:\\Users\\Z.SHAYA\\Desktop\\Expense_Tracker\\services\\auth_service.js","statementMap":{"0":{"start":{"line":1,"column":13},"end":{"line":1,"column":38}},"1":{"start":{"line":7,"column":4},"end":{"line":7,"column":29}},"2":{"start":{"line":12,"column":25},"end":{"line":14,"column":6}},"3":{"start":{"line":15,"column":4},"end":{"line":18,"column":5}},"4":{"start":{"line":17,"column":6},"end":{"line":17,"column":49}},"5":{"start":{"line":21,"column":27},"end":{"line":21,"column":64}},"6":{"start":{"line":23,"column":17},"end":{"line":27,"column":6}},"7":{"start":{"line":29,"column":4},"end":{"line":34,"column":6}},"8":{"start":{"line":39,"column":17},"end":{"line":39,"column":57}},"9":{"start":{"line":40,"column":4},"end":{"line":43,"column":5}},"10":{"start":{"line":42,"column":6},"end":{"line":42,"column":45}},"11":{"start":{"line":45,"column":20},"end":{"line":45,"column":71}},"12":{"start":{"line":46,"column":4},"end":{"line":46,"column":61}},"13":{"start":{"line":46,"column":22},"end":{"line":46,"column":61}},"14":{"start":{"line":49,"column":4},"end":{"line":54,"column":6}},"15":{"start":{"line":59,"column":0},"end":{"line":59,"column":35}}},"fnMap":{"0":{"name":"(anonymous_0)","decl":{"start":{"line":11,"column":2},"end":{"line":11,"column":3}},"loc":{"start":{"line":11,"column":27},"end":{"line":35,"column":3}},"line":11},"1":{"name":"(anonymous_1)","decl":{"start":{"line":38,"column":2},"end":{"line":38,"column":3}},"loc":{"start":{"line":38,"column":31},"end":{"line":55,"column":3}},"line":38}},"branchMap":{"0":{"loc":{"start":{"line":15,"column":4},"end":{"line":18,"column":5}},"type":"if","locations":[{"start":{"line":15,"column":4},"end":{"line":18,"column":5}},{"start":{},"end":{}}],"line":15},"1":{"loc":{"start":{"line":40,"column":4},"end":{"line":43,"column":5}},"type":"if","locations":[{"start":{"line":40,"column":4},"end":{"line":43,"column":5}},{"start":{},"end":{}}],"line":40},"2":{"loc":{"start":{"line":46,"column":4},"end":{"line":46,"column":61}},"type":"if","locations":[{"start":{"line":46,"column":4},"end":{"line":46,"column":61}},{"start":{},"end":{}}],"line":46}},"s":{"0":1,"1":1,"2":2,"3":2,"4":1,"5":1,"6":1,"7":1,"8":3,"9":3,"10":1,"11":2,"12":2,"13":1,"14":1,"15":1},"f":{"0":2,"1":3},"b":{"0":[1,1],"1":[1,2],"2":[1,1]},"_coverageSchema":"1a1c01bbd47fc00a2c39e90264f33305004495a9","hash":"05dcce4b73bc7b668827f9346bc998a3a6fa562f"}
,"C:\\Users\\Z.SHAYA\\Desktop\\Expense_Tracker\\services\\expense_service.js": {"path":"C:\\Users\\Z.SHAYA\\Desktop\\Expense_Tracker\\services\\expense_service.js","statementMap":{"0":{"start":{"line":1,"column":20},"end":{"line":1,"column":40}},"1":{"start":{"line":2,"column":17},"end":{"line":2,"column":45}},"2":{"start":{"line":3,"column":15},"end":{"line":3,"column":35}},"3":{"start":{"line":7,"column":4},"end":{"line":11,"column":5}},"4":{"start":{"line":8,"column":6},"end":{"line":8,"column":47}},"5":{"start":{"line":10,"column":6},"end":{"line":10,"column":58}},"6":{"start":{"line":15,"column":19},"end":{"line":15,"column":37}},"7":{"start":{"line":16,"column":18},"end":{"line":16,"column":37}},"8":{"start":{"line":18,"column":4},"end":{"line":18,"column":44}},"9":{"start":{"line":18,"column":18},"end":{"line":18,"column":44}},"10":{"start":{"line":19,"column":4},"end":{"line":23,"column":5}},"11":{"start":{"line":20,"column":6},"end":{"line":22,"column":8}},"12":{"start":{"line":25,"column":4},"end":{"line":30,"column":7}},"13":{"start":{"line":34,"column":20},"end":{"line":36,"column":6}},"14":{"start":{"line":37,"column":4},"end":{"line":37,"column":63}},"15":{"start":{"line":37,"column":18},"end":{"line":37,"column":63}},"16":{"start":{"line":38,"column":4},"end":{"line":38,"column":19}},"17":{"start":{"line":42,"column":20},"end":{"line":42,"column":57}},"18":{"start":{"line":43,"column":4},"end":{"line":43,"column":44}},"19":{"start":{"line":47,"column":20},"end":{"line":47,"column":57}},"20":{"start":{"line":48,"column":4},"end":{"line":48,"column":35}},"21":{"start":{"line":52,"column":0},"end":{"line":52,"column":38}}},"fnMap":{"0":{"name":"(anonymous_0)","decl":{"start":{"line":6,"column":2},"end":{"line":6,"column":3}},"loc":{"start":{"line":6,"column":35},"end":{"line":12,"column":3}},"line":6},"1":{"name":"(anonymous_1)","decl":{"start":{"line":14,"column":2},"end":{"line":14,"column":3}},"loc":{"start":{"line":14,"column":77},"end":{"line":31,"column":3}},"line":14},"2":{"name":"(anonymous_2)","decl":{"start":{"line":33,"column":2},"end":{"line":33,"column":3}},"loc":{"start":{"line":33,"column":35},"end":{"line":39,"column":3}},"line":33},"3":{"name":"(anonymous_3)","decl":{"start":{"line":41,"column":2},"end":{"line":41,"column":3}},"loc":{"start":{"line":41,"column":46},"end":{"line":44,"column":3}},"line":41},"4":{"name":"(anonymous_4)","decl":{"start":{"line":46,"column":2},"end":{"line":46,"column":3}},"loc":{"start":{"line":46,"column":34},"end":{"line":49,"column":3}},"line":46}},"branchMap":{"0":{"loc":{"start":{"line":18,"column":4},"end":{"line":18,"column":44}},"type":"if","locations":[{"start":{"line":18,"column":4},"end":{"line":18,"column":44}},{"start":{},"end":{}}],"line":18},"1":{"loc":{"start":{"line":19,"column":4},"end":{"line":23,"column":5}},"type":"if","locations":[{"start":{"line":19,"column":4},"end":{"line":23,"column":5}},{"start":{},"end":{}}],"line":19},"2":{"loc":{"start":{"line":19,"column":8},"end":{"line":19,"column":26}},"type":"binary-expr","locations":[{"start":{"line":19,"column":8},"end":{"line":19,"column":16}},{"start":{"line":19,"column":20},"end":{"line":19,"column":26}}],"line":19},"3":{"loc":{"start":{"line":37,"column":4},"end":{"line":37,"column":63}},"type":"if","locations":[{"start":{"line":37,"column":4},"end":{"line":37,"column":63}},{"start":{},"end":{}}],"line":37}},"s":{"0":1,"1":1,"2":1,"3":0,"4":0,"5":0,"6":0,"7":0,"8":0,"9":0,"10":0,"11":0,"12":0,"13":0,"14":0,"15":0,"16":0,"17":0,"18":0,"19":0,"20":0,"21":1},"f":{"0":0,"1":0,"2":0,"3":0,"4":0},"b":{"0":[0,0],"1":[0,0],"2":[0,0],"3":[0,0]},"_coverageSchema":"1a1c01bbd47fc00a2c39e90264f33305004495a9","hash":"5f157785b4f7942b9910a420aa3a45adaeacef34"}
,"C:\\Users\\Z.SHAYA\\Desktop\\Expense_Tracker\\services\\file_service.js": {"path":"C:\\Users\\Z.SHAYA\\Desktop\\Expense_Tracker\\services\\file_service.js","statementMap":{"0":{"start":{"line":1,"column":24},"end":{"line":1,"column":44}},"1":{"start":{"line":2,"column":17},"end":{"line":2,"column":45}},"2":{"start":{"line":3,"column":11},"end":{"line":3,"column":24}},"3":{"start":{"line":4,"column":13},"end":{"line":4,"column":28}},"4":{"start":{"line":8,"column":4},"end":{"line":13,"column":5}},"5":{"start":{"line":9,"column":6},"end":{"line":9,"column":48}},"6":{"start":{"line":11,"column":7},"end":{"line":11,"column":50}},"7":{"start":{"line":12,"column":6},"end":{"line":12,"column":60}},"8":{"start":{"line":17,"column":17},"end":{"line":19,"column":6}},"9":{"start":{"line":21,"column":4},"end":{"line":23,"column":5}},"10":{"start":{"line":22,"column":6},"end":{"line":22,"column":48}},"11":{"start":{"line":25,"column":4},"end":{"line":25,"column":16}},"12":{"start":{"line":29,"column":17},"end":{"line":29,"column":54}},"13":{"start":{"line":31,"column":21},"end":{"line":31,"column":62}},"14":{"start":{"line":32,"column":4},"end":{"line":34,"column":5}},"15":{"start":{"line":33,"column":6},"end":{"line":33,"column":30}},"16":{"start":{"line":36,"column":4},"end":{"line":36,"column":25}},"17":{"start":{"line":40,"column":0},"end":{"line":40,"column":36}}},"fnMap":{"0":{"name":"(anonymous_0)","decl":{"start":{"line":7,"column":2},"end":{"line":7,"column":3}},"loc":{"start":{"line":7,"column":29},"end":{"line":14,"column":3}},"line":7},"1":{"name":"(anonymous_1)","decl":{"start":{"line":16,"column":2},"end":{"line":16,"column":3}},"loc":{"start":{"line":16,"column":35},"end":{"line":26,"column":3}},"line":16},"2":{"name":"(anonymous_2)","decl":{"start":{"line":28,"column":2},"end":{"line":28,"column":3}},"loc":{"start":{"line":28,"column":38},"end":{"line":37,"column":3}},"line":28}},"branchMap":{"0":{"loc":{"start":{"line":21,"column":4},"end":{"line":23,"column":5}},"type":"if","locations":[{"start":{"line":21,"column":4},"end":{"line":23,"column":5}},{"start":{},"end":{}}],"line":21},"1":{"loc":{"start":{"line":32,"column":4},"end":{"line":34,"column":5}},"type":"if","locations":[{"start":{"line":32,"column":4},"end":{"line":34,"column":5}},{"start":{},"end":{}}],"line":32}},"s":{"0":1,"1":1,"2":1,"3":1,"4":0,"5":0,"6":0,"7":0,"8":0,"9":0,"10":0,"11":0,"12":0,"13":0,"14":0,"15":0,"16":0,"17":1},"f":{"0":0,"1":0,"2":0},"b":{"0":[0,0],"1":[0,0]},"_coverageSchema":"1a1c01bbd47fc00a2c39e90264f33305004495a9","hash":"7ab540c2f9f8100250574ddebd80d6972bd4e0cd"}
,"C:\\Users\\Z.SHAYA\\Desktop\\Expense_Tracker\\utils\\ApiError.js": {"path":"C:\\Users\\Z.SHAYA\\Desktop\\Expense_Tracker\\utils\\ApiError.js","statementMap":{"0":{"start":{"line":3,"column":4},"end":{"line":3,"column":19}},"1":{"start":{"line":4,"column":4},"end":{"line":4,"column":33}},"2":{"start":{"line":5,"column":4},"end":{"line":5,"column":39}},"3":{"start":{"line":6,"column":4},"end":{"line":6,"column":69}},"4":{"start":{"line":8,"column":4},"end":{"line":12,"column":5}},"5":{"start":{"line":9,"column":6},"end":{"line":9,"column":25}},"6":{"start":{"line":11,"column":6},"end":{"line":11,"column":54}},"7":{"start":{"line":17,"column":4},"end":{"line":17,"column":38}},"8":{"start":{"line":22,"column":4},"end":{"line":22,"column":38}},"9":{"start":{"line":27,"column":4},"end":{"line":27,"column":38}},"10":{"start":{"line":32,"column":4},"end":{"line":32,"column":38}},"11":{"start":{"line":37,"column":4},"end":{"line":37,"column":38}},"12":{"start":{"line":41,"column":0},"end":{"line":41,"column":26}}},"fnMap":{"0":{"name":"(anonymous_0)","decl":{"start":{"line":2,"column":2},"end":{"line":2,"column":3}},"loc":{"start":{"line":2,"column":69},"end":{"line":13,"column":3}},"line":2},"1":{"name":"(anonymous_1)","decl":{"start":{"line":16,"column":2},"end":{"line":16,"column":3}},"loc":{"start":{"line":16,"column":29},"end":{"line":18,"column":3}},"line":16},"2":{"name":"(anonymous_2)","decl":{"start":{"line":21,"column":2},"end":{"line":21,"column":3}},"loc":{"start":{"line":21,"column":48},"end":{"line":23,"column":3}},"line":21},"3":{"name":"(anonymous_3)","decl":{"start":{"line":26,"column":2},"end":{"line":26,"column":3}},"loc":{"start":{"line":26,"column":42},"end":{"line":28,"column":3}},"line":26},"4":{"name":"(anonymous_4)","decl":{"start":{"line":31,"column":2},"end":{"line":31,"column":3}},"loc":{"start":{"line":31,"column":41},"end":{"line":33,"column":3}},"line":31},"5":{"name":"(anonymous_5)","decl":{"start":{"line":36,"column":2},"end":{"line":36,"column":3}},"loc":{"start":{"line":36,"column":53},"end":{"line":38,"column":3}},"line":36}},"branchMap":{"0":{"loc":{"start":{"line":2,"column":35},"end":{"line":2,"column":55}},"type":"default-arg","locations":[{"start":{"line":2,"column":51},"end":{"line":2,"column":55}}],"line":2},"1":{"loc":{"start":{"line":2,"column":57},"end":{"line":2,"column":67}},"type":"default-arg","locations":[{"start":{"line":2,"column":65},"end":{"line":2,"column":67}}],"line":2},"2":{"loc":{"start":{"line":6,"column":18},"end":{"line":6,"column":68}},"type":"cond-expr","locations":[{"start":{"line":6,"column":52},"end":{"line":6,"column":58}},{"start":{"line":6,"column":61},"end":{"line":6,"column":68}}],"line":6},"3":{"loc":{"start":{"line":8,"column":4},"end":{"line":12,"column":5}},"type":"if","locations":[{"start":{"line":8,"column":4},"end":{"line":12,"column":5}},{"start":{"line":10,"column":11},"end":{"line":12,"column":5}}],"line":8},"4":{"loc":{"start":{"line":21,"column":22},"end":{"line":21,"column":46}},"type":"default-arg","locations":[{"start":{"line":21,"column":32},"end":{"line":21,"column":46}}],"line":21},"5":{"loc":{"start":{"line":26,"column":19},"end":{"line":26,"column":40}},"type":"default-arg","locations":[{"start":{"line":26,"column":29},"end":{"line":26,"column":40}}],"line":26},"6":{"loc":{"start":{"line":31,"column":18},"end":{"line":31,"column":39}},"type":"default-arg","locations":[{"start":{"line":31,"column":28},"end":{"line":31,"column":39}}],"line":31},"7":{"loc":{"start":{"line":36,"column":18},"end":{"line":36,"column":51}},"type":"default-arg","locations":[{"start":{"line":36,"column":28},"end":{"line":36,"column":51}}],"line":36}},"s":{"0":7,"1":7,"2":7,"3":7,"4":7,"5":0,"6":7,"7":0,"8":0,"9":0,"10":0,"11":0,"12":6},"f":{"0":7,"1":0,"2":0,"3":0,"4":0,"5":0},"b":{"0":[7],"1":[7],"2":[6,1],"3":[0,7],"4":[0],"5":[0],"6":[0],"7":[0]},"_coverageSchema":"1a1c01bbd47fc00a2c39e90264f33305004495a9","hash":"4c7eef197a401bcb88f86cbf325f0705f58448f5"}
}
