TN:
SF:config\connect.js
FNF:0
FNH:0
DA:1,1
DA:2,1
DA:4,1
DA:15,1
LF:4
LH:4
BRDA:2,0,0,1
BRDA:2,0,1,0
BRDA:7,1,0,0
BRDA:7,1,1,1
BRF:4
BRH:2
end_of_record
TN:
SF:controllers\expenses_controller.js
FN:5,(anonymous_0)
FN:18,(anonymous_1)
FN:34,(anonymous_2)
FN:46,(anonymous_3)
FN:59,(anonymous_4)
FNF:5
FNH:5
FNDA:2,(anonymous_0)
FNDA:3,(anonymous_1)
FNDA:2,(anonymous_2)
FNDA:2,(anonymous_3)
FNDA:2,(anonymous_4)
DA:1,1
DA:2,1
DA:6,2
DA:7,2
DA:11,2
DA:12,1
DA:14,1
DA:19,3
DA:20,3
DA:21,3
DA:28,2
DA:30,1
DA:35,2
DA:36,2
DA:40,1
DA:42,1
DA:47,2
DA:48,2
DA:53,1
DA:55,1
DA:60,2
DA:61,2
DA:62,1
DA:64,1
DA:69,1
LF:25
LH:25
BRDA:20,0,0,2
BRDA:20,1,0,2
BRF:2
BRH:2
end_of_record
TN:
SF:models\expense.js
FN:41,(anonymous_0)
FN:42,(anonymous_1)
FNF:2
FNH:0
FNDA:0,(anonymous_0)
FNDA:0,(anonymous_1)
DA:1,1
DA:2,1
DA:4,1
DA:41,0
DA:42,0
DA:49,1
LF:6
LH:4
BRF:0
BRH:0
end_of_record
TN:
SF:models\expensefile.js
FN:30,(anonymous_0)
FN:39,(anonymous_1)
FNF:2
FNH:0
FNDA:0,(anonymous_0)
FNDA:0,(anonymous_1)
DA:1,1
DA:2,1
DA:4,1
DA:31,0
DA:32,0
DA:39,1
DA:40,0
DA:48,1
LF:8
LH:5
BRDA:31,0,0,0
BRDA:31,0,1,0
BRDA:31,1,0,0
BRDA:31,1,1,0
BRF:4
BRH:0
end_of_record
TN:
SF:models\index.js
FNF:0
FNH:0
DA:1,1
DA:2,1
DA:3,1
DA:4,1
DA:5,1
DA:7,1
DA:8,1
DA:10,1
DA:11,1
DA:13,1
DA:14,1
DA:16,1
LF:12
LH:12
BRF:0
BRH:0
end_of_record
TN:
SF:models\monthlysummary.js
FNF:0
FNH:0
DA:1,1
DA:2,1
DA:4,1
DA:34,1
LF:4
LH:4
BRF:0
BRH:0
end_of_record
TN:
SF:models\user.js
FN:39,hashPassword
FN:46,(anonymous_1)
FNF:2
FNH:0
FNDA:0,hashPassword
FNDA:0,(anonymous_1)
DA:1,1
DA:3,1
DA:4,1
DA:6,1
DA:40,0
DA:41,0
DA:42,0
DA:46,1
DA:47,0
DA:50,1
LF:10
LH:6
BRDA:40,0,0,0
BRDA:40,0,1,0
BRF:2
BRH:0
end_of_record
TN:
SF:services\expense_service.js
FN:6,(anonymous_0)
FN:14,(anonymous_1)
FN:33,(anonymous_2)
FN:41,(anonymous_3)
FN:46,(anonymous_4)
FNF:5
FNH:0
FNDA:0,(anonymous_0)
FNDA:0,(anonymous_1)
FNDA:0,(anonymous_2)
FNDA:0,(anonymous_3)
FNDA:0,(anonymous_4)
DA:1,1
DA:2,1
DA:3,1
DA:7,0
DA:8,0
DA:10,0
DA:15,0
DA:16,0
DA:18,0
DA:19,0
DA:20,0
DA:25,0
DA:34,0
DA:37,0
DA:38,0
DA:42,0
DA:43,0
DA:47,0
DA:48,0
DA:52,1
LF:20
LH:4
BRDA:18,0,0,0
BRDA:18,0,1,0
BRDA:19,1,0,0
BRDA:19,1,1,0
BRDA:19,2,0,0
BRDA:19,2,1,0
BRDA:37,3,0,0
BRDA:37,3,1,0
BRF:8
BRH:0
end_of_record
TN:
SF:utils\ApiError.js
FN:2,(anonymous_0)
FN:16,(anonymous_1)
FN:21,(anonymous_2)
FN:26,(anonymous_3)
FN:31,(anonymous_4)
FN:36,(anonymous_5)
FNF:6
FNH:1
FNDA:4,(anonymous_0)
FNDA:0,(anonymous_1)
FNDA:0,(anonymous_2)
FNDA:0,(anonymous_3)
FNDA:0,(anonymous_4)
FNDA:0,(anonymous_5)
DA:3,4
DA:4,4
DA:5,4
DA:6,4
DA:8,4
DA:9,0
DA:11,4
DA:17,0
DA:22,0
DA:27,0
DA:32,0
DA:37,0
DA:41,2
LF:13
LH:7
BRDA:2,0,0,4
BRDA:2,1,0,4
BRDA:6,2,0,4
BRDA:6,2,1,0
BRDA:8,3,0,0
BRDA:8,3,1,4
BRDA:21,4,0,0
BRDA:26,5,0,0
BRDA:31,6,0,0
BRDA:36,7,0,0
BRF:10
BRH:4
end_of_record
